<?xml version="1.0" encoding="UTF-8"?>
<testsuite xmlns:xsi="http://www.w3.org/2001/XMLSchema-instance" xsi:noNamespaceSchemaLocation="https://maven.apache.org/surefire/maven-surefire-plugin/xsd/surefire-test-report-3.0.xsd" version="3.0" name="TestSuite" time="18.054" tests="2" errors="0" skipped="0" failures="0">
  <properties>
[...]
</properties>
  <testcase name="runScenario[&quot;Home page content&quot;, &quot;Optional[osn.com]&quot;](1)" classname="RunCucumberTest" time="13.283">
    <system-out><![CDATA[Booking test Running with Thread ID: 17
Active Thread Count: 7
Osn test Running with Thread ID: 18
Active Thread Count: 7
]]></system-out>
    <system-err><![CDATA[Nov 21, 2021 10:12:50 AM org.openqa.selenium.remote.ProtocolHandshake createSession
INFO: Detected dialect: W3C
Nov 21, 2021 10:12:50 AM org.openqa.selenium.remote.ProtocolHandshake createSession
INFO: Detected dialect: W3C
]]></system-err>
  </testcase>
  <testcase name="runScenario[&quot;signIn&quot;, &quot;Optional[booking.com]&quot;](2)" classname="RunCucumberTest" time="17.133"/>
</testsuite>