<?xml version="1.0" encoding="UTF-8"?>
<testng-results ignored="0" total="2" passed="2" failed="0" skipped="0">
  <reporter-output>
  </reporter-output>
  <suite started-at="2021-11-21T10:12:48 EET" name="Lap" finished-at="2021-11-21T10:13:05 EET" duration-ms="17405">
    <groups>
      <group name="cucumber">
        <method signature="AbstractTestNGCucumberTests.runScenario(io.cucumber.testng.PickleWrapper,io.cucumber.testng.FeatureWrapper)[pri:0, instance:RunCucumberTest@a3d8174]" name="runScenario" class="io.cucumber.testng.AbstractTestNGCucumberTests"/>
      </group> <!-- cucumber -->
    </groups>
    <test started-at="2021-11-21T10:12:48 EET" name="BookingTest" finished-at="2021-11-21T10:13:05 EET" duration-ms="17405">
      <class name="RunCucumberTest">
        <test-method is-config="true" signature="setUpClass(org.testng.ITestContext)[pri:0, instance:RunCucumberTest@a3d8174]" started-at="2021-11-21T10:12:48 EET" name="setUpClass" finished-at="2021-11-21T10:12:48 EET" duration-ms="226" status="PASS">
          <params>
            <param index="0">
              <value>
                <![CDATA[org.testng.TestRunner@4d154ccd]]>
              </value>
            </param>
          </params>
          <reporter-output>
          </reporter-output>
        </test-method> <!-- setUpClass -->
        <test-method signature="runScenario(io.cucumber.testng.PickleWrapper,io.cucumber.testng.FeatureWrapper)[pri:0, instance:RunCucumberTest@a3d8174]" started-at="2021-11-21T10:12:48 EET" name="runScenario" description="Runs Cucumber Scenarios" data-provider="scenarios" finished-at="2021-11-21T10:13:01 EET" duration-ms="13252" status="PASS">
          <params>
            <param index="0">
              <value>
                <![CDATA["Home page content"]]>
              </value>
            </param>
            <param index="1">
              <value>
                <![CDATA["Optional[osn.com]"]]>
              </value>
            </param>
          </params>
          <reporter-output>
          </reporter-output>
        </test-method> <!-- runScenario -->
        <test-method signature="runScenario(io.cucumber.testng.PickleWrapper,io.cucumber.testng.FeatureWrapper)[pri:0, instance:RunCucumberTest@a3d8174]" started-at="2021-11-21T10:12:48 EET" name="runScenario" description="Runs Cucumber Scenarios" data-provider="scenarios" finished-at="2021-11-21T10:13:05 EET" duration-ms="17134" status="PASS">
          <params>
            <param index="0">
              <value>
                <![CDATA["signIn"]]>
              </value>
            </param>
            <param index="1">
              <value>
                <![CDATA["Optional[booking.com]"]]>
              </value>
            </param>
          </params>
          <reporter-output>
          </reporter-output>
        </test-method> <!-- runScenario -->
        <test-method is-config="true" signature="tearDownClass()[pri:0, instance:RunCucumberTest@a3d8174]" started-at="2021-11-21T10:13:05 EET" name="tearDownClass" finished-at="2021-11-21T10:13:05 EET" duration-ms="11" status="PASS">
          <reporter-output>
          </reporter-output>
        </test-method> <!-- tearDownClass -->
      </class> <!-- RunCucumberTest -->
    </test> <!-- BookingTest -->
  </suite> <!-- Lap -->
</testng-results>
