<?xml version="1.0" encoding="UTF-8"?>
<testng-results ignored="0" total="2" passed="2" failed="0" skipped="0">
  <reporter-output>
  </reporter-output>
  <suite started-at="2021-11-06T15:12:11 EET" name="Lap" finished-at="2021-11-06T15:12:26 EET" duration-ms="14986">
    <groups>
    </groups>
    <test started-at="2021-11-06T15:12:11 EET" name="BookingTest" finished-at="2021-11-06T15:12:26 EET" duration-ms="14986">
      <class name="OsnAndBookingTest">
        <test-method is-config="true" signature="beforeTest()[pri:0, instance:OsnAndBookingTest@192c3f1e]" started-at="2021-11-06T15:12:11 EET" name="beforeTest" finished-at="2021-11-06T15:12:13 EET" duration-ms="1684" status="PASS">
          <reporter-output>
          </reporter-output>
        </test-method> <!-- beforeTest -->
        <test-method signature="bookingTest()[pri:0, instance:OsnAndBookingTest@192c3f1e]" started-at="2021-11-06T15:12:13 EET" name="bookingTest" finished-at="2021-11-06T15:12:19 EET" duration-ms="6316" status="PASS">
          <reporter-output>
          </reporter-output>
        </test-method> <!-- bookingTest -->
        <test-method signature="osnTest()[pri:0, instance:OsnAndBookingTest@192c3f1e]" started-at="2021-11-06T15:12:19 EET" name="osnTest" finished-at="2021-11-06T15:12:26 EET" duration-ms="6804" status="PASS">
          <reporter-output>
          </reporter-output>
        </test-method> <!-- osnTest -->
        <test-method is-config="true" signature="tearDown()[pri:0, instance:OsnAndBookingTest@192c3f1e]" started-at="2021-11-06T15:12:26 EET" name="tearDown" finished-at="2021-11-06T15:12:26 EET" duration-ms="153" status="PASS">
          <reporter-output>
          </reporter-output>
        </test-method> <!-- tearDown -->
      </class> <!-- OsnAndBookingTest -->
    </test> <!-- BookingTest -->
  </suite> <!-- Lap -->
</testng-results>
