<?xml version="1.0" encoding="UTF-8"?>
<testsuite xmlns:xsi="http://www.w3.org/2001/XMLSchema-instance" xsi:noNamespaceSchemaLocation="https://maven.apache.org/surefire/maven-surefire-plugin/xsd/surefire-test-report-3.0.xsd" version="3.0" name="TestSuite" time="32.284" tests="9" errors="0" skipped="0" failures="2">
  <properties>
[...]
</properties>
  <testcase name="runScenario[&quot;user can navigate from home to about page-3&quot;, &quot;Optional[udemy.com]&quot;](1)" classname="RunCucumberTest" time="19.154">
    <system-out><![CDATA[
Osn test Running with Thread ID: 18
Active Thread Count: 13
Thread Name: TestNG-PoolService-4
Thread Group name: main
Thread Group parent: java.lang.ThreadGroup[name=system,maxpri=10]

Osn test Running with Thread ID: 17
Active Thread Count: 13
Thread Name: TestNG-PoolService-3
Thread Group name: main
Thread Group parent: java.lang.ThreadGroup[name=system,maxpri=10]

Udemy test Running with Thread ID: 20
Active Thread Count: 13
Thread Name: TestNG-PoolService-6
Thread Group name: main
Thread Group parent: java.lang.ThreadGroup[name=system,maxpri=10]

Udemy test Running with Thread ID: 22
Active Thread Count: 13
Thread Name: TestNG-PoolService-8
Thread Group name: main
Thread Group parent: java.lang.ThreadGroup[name=system,maxpri=10]

Osn test Running with Thread ID: 16
Active Thread Count: 13
Thread Name: TestNG-PoolService-2
Thread Group name: main
Thread Group parent: java.lang.ThreadGroup[name=system,maxpri=10]

Udemy test Running with Thread ID: 21
Active Thread Count: 13
Thread Name: TestNG-PoolService-7
Thread Group name: main
Thread Group parent: java.lang.ThreadGroup[name=system,maxpri=10]

Osn test Running with Thread ID: 14
Active Thread Count: 13
Thread Name: TestNG-PoolService-0
Thread Group name: main
Thread Group parent: java.lang.ThreadGroup[name=system,maxpri=10]

Osn test Running with Thread ID: 19
Active Thread Count: 13
Thread Name: TestNG-PoolService-5
Thread Group name: main
Thread Group parent: java.lang.ThreadGroup[name=system,maxpri=10]
]]></system-out>
    <system-err><![CDATA[Nov 21, 2021 5:26:13 PM org.openqa.selenium.remote.ProtocolHandshake createSession
INFO: Detected dialect: W3C
Nov 21, 2021 5:26:13 PM org.openqa.selenium.remote.ProtocolHandshake createSession
INFO: Detected dialect: W3C
Nov 21, 2021 5:26:13 PM org.openqa.selenium.remote.ProtocolHandshake createSession
INFO: Detected dialect: W3C
Nov 21, 2021 5:26:14 PM org.openqa.selenium.remote.ProtocolHandshake createSession
INFO: Detected dialect: W3C
Nov 21, 2021 5:26:14 PM org.openqa.selenium.remote.ProtocolHandshake createSession
INFO: Detected dialect: W3C
Nov 21, 2021 5:26:14 PM org.openqa.selenium.remote.ProtocolHandshake createSession
INFO: Detected dialect: W3C
Nov 21, 2021 5:26:14 PM org.openqa.selenium.remote.ProtocolHandshake createSession
INFO: Detected dialect: W3C
Nov 21, 2021 5:26:15 PM org.openqa.selenium.remote.ProtocolHandshake createSession
INFO: Detected dialect: W3C
]]></system-err>
  </testcase>
  <testcase name="runScenario[&quot;user can navigate from home to about page&quot;, &quot;Optional[udemy.com]&quot;](2)" classname="RunCucumberTest" time="19.24"/>
  <testcase name="runScenario[&quot;user can navigate from home to about page-2&quot;, &quot;Optional[udemy.com]&quot;](3)" classname="RunCucumberTest" time="21.415">
    <system-out><![CDATA[
Osn test Running with Thread ID: 15
Active Thread Count: 13
Thread Name: TestNG-PoolService-1
Thread Group name: main
Thread Group parent: java.lang.ThreadGroup[name=system,maxpri=10]
]]></system-out>
    <system-err><![CDATA[Nov 21, 2021 5:26:32 PM org.openqa.selenium.remote.ProtocolHandshake createSession
INFO: Detected dialect: W3C
]]></system-err>
  </testcase>
  <testcase name="runScenario[&quot;Home page content&quot;, &quot;Optional[osn.com]&quot;](4)" classname="RunCucumberTest" time="21.796"/>
  <testcase name="runScenario[&quot;Home page content-2&quot;, &quot;Optional[osn.com]&quot;](5)" classname="RunCucumberTest" time="22.794"/>
  <testcase name="runScenario[&quot;Home page content-3&quot;, &quot;Optional[osn.com]&quot;](6)" classname="RunCucumberTest" time="24.515"/>
  <testcase name="runScenario[&quot;signIn-3&quot;, &quot;Optional[booking.com]&quot;](7)" classname="RunCucumberTest" time="27.96"/>
  <testcase name="runScenario[&quot;signIn&quot;, &quot;Optional[booking.com]&quot;](8)" classname="RunCucumberTest" time="28.948">
    <failure message="Session ID is null. Using WebDriver after calling quit()?&#10;Build info: version: &apos;3.141.59&apos;, revision: &apos;e82be7d358&apos;, time: &apos;2018-11-14T08:17:03&apos;&#10;System info: host: &apos;ITY1FDR&apos;, ip: &apos;192.168.1.2&apos;, os.name: &apos;Windows 10&apos;, os.arch: &apos;amd64&apos;, os.version: &apos;10.0&apos;, java.version: &apos;1.8.0_161&apos;&#10;Driver info: driver.version: RemoteWebDriver" type="org.openqa.selenium.NoSuchSessionException"><![CDATA[org.openqa.selenium.NoSuchSessionException: 
Session ID is null. Using WebDriver after calling quit()?
Build info: version: '3.141.59', revision: 'e82be7d358', time: '2018-11-14T08:17:03'
System info: host: 'ITY1FDR', ip: '192.168.1.2', os.name: 'Windows 10', os.arch: 'amd64', os.version: '10.0', java.version: '1.8.0_161'
Driver info: driver.version: RemoteWebDriver
]]></failure>
  </testcase>
  <testcase name="runScenario[&quot;signIn-2&quot;, &quot;Optional[booking.com]&quot;](9)" classname="RunCucumberTest" time="30.962">
    <failure message="Session ID is null. Using WebDriver after calling quit()?&#10;Build info: version: &apos;3.141.59&apos;, revision: &apos;e82be7d358&apos;, time: &apos;2018-11-14T08:17:03&apos;&#10;System info: host: &apos;ITY1FDR&apos;, ip: &apos;192.168.1.2&apos;, os.name: &apos;Windows 10&apos;, os.arch: &apos;amd64&apos;, os.version: &apos;10.0&apos;, java.version: &apos;1.8.0_161&apos;&#10;Driver info: driver.version: RemoteWebDriver" type="org.openqa.selenium.NoSuchSessionException"><![CDATA[org.openqa.selenium.NoSuchSessionException: 
Session ID is null. Using WebDriver after calling quit()?
Build info: version: '3.141.59', revision: 'e82be7d358', time: '2018-11-14T08:17:03'
System info: host: 'ITY1FDR', ip: '192.168.1.2', os.name: 'Windows 10', os.arch: 'amd64', os.version: '10.0', java.version: '1.8.0_161'
Driver info: driver.version: RemoteWebDriver
]]></failure>
  </testcase>
</testsuite>